<?xml version="1.0" encoding="UTF-8"?>
<!-- Generated by org.testng.reporters.JUnitXMLReporter -->
<testsuite ignored="4" hostname="Devi" failures="0" tests="4" name="Test1" time="129.714" errors="0" timestamp="2024-10-06T22:19:17 IST">
  <testcase classname="com.vtiger.crm.oppurtunitytest.CreateOppurtunityWithOrganization" name="createOppurtunity" time="32.814"/>
  <testcase classname="com.vtiger.crm.createproject.CreateProject" name="createProject" time="10.428"/>
  <testcase classname="com.vtiger.crm.vendortest.CreateVendorTest" name="CreateVendorWithOrder" time="30.462"/>
  <testcase classname="com.vtiger.crm.vendortest.CreateVendorTest" name="createVendorTest" time="8.177"/>
  <testcase classname="com.vtiger.crm.baseclassutility.BaseClass" name="@BeforeSuite configBs" time="0.0">
    <ignored/>
  </testcase> <!-- @BeforeSuite configBs -->
  <testcase classname="com.vtiger.crm.baseclassutility.BaseClass" name="@BeforeSuite configBs" time="0.0">
    <ignored/>
  </testcase> <!-- @BeforeSuite configBs -->
  <testcase classname="com.vtiger.crm.baseclassutility.BaseClass" name="@AfterSuite conficAS" time="0.0">
    <ignored/>
  </testcase> <!-- @AfterSuite conficAS -->
  <testcase classname="com.vtiger.crm.baseclassutility.BaseClass" name="@AfterSuite conficAS" time="0.0">
    <ignored/>
  </testcase> <!-- @AfterSuite conficAS -->
</testsuite> <!-- Test1 -->
