<?xml version="1.0" encoding="UTF-8"?>
<!-- Generated by org.testng.reporters.JUnitXMLReporter -->
<testsuite ignored="2" hostname="Devi" failures="1" tests="4" name="TestRunner-2" time="62.52" errors="0" timestamp="2024-09-24T17:41:18 IST">
  <testcase classname="com.vtiger.crm.leadstest.CreateLead" name="createLead" time="1.602">
    <failure type="java.lang.NullPointerException" message="Cannot invoke &amp;quot;org.apache.poi.ss.usermodel.Sheet.getRow(int)&amp;quot; because the return value of &amp;quot;org.apache.poi.ss.usermodel.Workbook.getSheet(String)&amp;quot; is null">
      <![CDATA[java.lang.NullPointerException: Cannot invoke "org.apache.poi.ss.usermodel.Sheet.getRow(int)" because the return value of "org.apache.poi.ss.usermodel.Workbook.getSheet(String)" is null
at com.vtiger.crm.generic.fileutility.ExcelUtility.getDataFromExcelFile(ExcelUtility.java:18)
at com.vtiger.crm.leadstest.CreateLead.createLead(CreateLead.java:50)
at java.base/java.util.ArrayList.forEach(ArrayList.java:1596)
at java.base/java.util.concurrent.FutureTask.run(FutureTask.java:317)
at java.base/java.util.concurrent.ThreadPoolExecutor.runWorker(ThreadPoolExecutor.java:1144)
at java.base/java.util.concurrent.ThreadPoolExecutor$Worker.run(ThreadPoolExecutor.java:642)
at java.base/java.lang.Thread.run(Thread.java:1583)
... Removed 15 stack frames]]>
    </failure>
  </testcase> <!-- createLead -->
  <testcase classname="com.vtiger.crm.orgtest.CreateOrganizationTest" name="CreateOrgTest" time="16.769"/>
  <testcase classname="com.vtiger.crm.orgtest.CreateOrganizationTest" name="CreateOrganizationWithIndustryType" time="0.0">
    <skipped/>
  </testcase> <!-- CreateOrganizationWithIndustryType -->
  <testcase classname="com.vtiger.crm.orgtest.CreateOrganizationTest" name="CreateOrganizationwithPhoneNo" time="0.0">
    <skipped/>
  </testcase> <!-- CreateOrganizationwithPhoneNo -->
  <testcase classname="com.vtiger.crm.baseclassutility.BaseClass" name="@BeforeSuite configBs" time="0.0">
    <ignored/>
  </testcase> <!-- @BeforeSuite configBs -->
  <testcase classname="com.vtiger.crm.baseclassutility.BaseClass" name="@AfterSuite conficAS" time="0.0">
    <ignored/>
  </testcase> <!-- @AfterSuite conficAS -->
</testsuite> <!-- TestRunner-2 -->
