<?xml version="1.0" encoding="UTF-8"?>
<!-- Generated by org.testng.reporters.JUnitXMLReporter -->
<testsuite ignored="2" hostname="Devi" failures="0" tests="1" name="Test" time="29.898" errors="0" timestamp="2024-10-07T16:34:58 IST">
  <testcase classname="com.vtiger.crm.orgtest.CreateOrganizationTest" name="CreateOrgTest" time="14.549"/>
  <testcase classname="com.vtiger.crm.orgtest.CreateOrganizationTest" name="CreateOrganizationwithPhoneNo" time="0.0">
    <ignored/>
  </testcase> <!-- CreateOrganizationwithPhoneNo -->
  <testcase classname="com.vtiger.crm.orgtest.CreateOrganizationTest" name="CreateOrganizationWithIndustryType" time="0.0">
    <ignored/>
  </testcase> <!-- CreateOrganizationWithIndustryType -->
</testsuite> <!-- Test -->
