<?xml version="1.0" encoding="UTF-8"?>
<!-- Generated by org.testng.reporters.JUnitXMLReporter -->
<testsuite ignored="6" hostname="Devi" failures="0" tests="8" name="Test2" time="210.657" errors="0" timestamp="2024-10-06T22:20:38 IST">
  <testcase classname="com.vtiger.crm.contacttest.CreateContactTest" name="CreateContactWithSupportDate" time="16.46"/>
  <testcase classname="com.vtiger.crm.contacttest.CreateContactTest" name="createContactWithOrganization" time="33.288"/>
  <testcase classname="com.vtiger.crm.orgtest.CreateOrganizationTest" name="CreateOrgTest" time="15.767"/>
  <testcase classname="com.vtiger.crm.orgtest.CreateOrganizationTest" name="CreateOrganizationWithIndustryType" time="17.161"/>
  <testcase classname="com.vtiger.crm.orgtest.CreateOrganizationTest" name="CreateOrganizationwithPhoneNo" time="12.875"/>
  <testcase classname="com.vtiger.crm.producttest.CreateProduct" name="createproduct" time="11.397"/>
  <testcase classname="com.vtiger.crm.producttest.CreateProduct" name="productWithDate" time="10.857"/>
  <testcase classname="com.vtiger.crm.leadstest.CreateLeadTest" name="createLeadTest" time="15.913"/>
  <testcase classname="com.vtiger.crm.baseclassutility.BaseClass" name="@AfterSuite conficAS" time="0.0">
    <ignored/>
  </testcase> <!-- @AfterSuite conficAS -->
  <testcase classname="com.vtiger.crm.baseclassutility.BaseClass" name="@BeforeSuite configBs" time="0.0">
    <ignored/>
  </testcase> <!-- @BeforeSuite configBs -->
  <testcase classname="com.vtiger.crm.baseclassutility.BaseClass" name="@BeforeSuite configBs" time="0.0">
    <ignored/>
  </testcase> <!-- @BeforeSuite configBs -->
  <testcase classname="com.vtiger.crm.baseclassutility.BaseClass" name="@AfterSuite conficAS" time="0.0">
    <ignored/>
  </testcase> <!-- @AfterSuite conficAS -->
  <testcase classname="com.vtiger.crm.baseclassutility.BaseClass" name="@AfterSuite conficAS" time="0.0">
    <ignored/>
  </testcase> <!-- @AfterSuite conficAS -->
  <testcase classname="com.vtiger.crm.baseclassutility.BaseClass" name="@BeforeSuite configBs" time="0.0">
    <ignored/>
  </testcase> <!-- @BeforeSuite configBs -->
</testsuite> <!-- Test2 -->
