<?xml version="1.0" encoding="UTF-8"?>
<!-- Generated by org.testng.reporters.JUnitXMLReporter -->
<testsuite ignored="0" hostname="Devi" failures="0" tests="3" name="Test2" time="49.308" errors="0" timestamp="2024-09-24T18:14:45 IST">
  <testcase classname="com.vtiger.crm.orgtest.CreateOrganizationTest" name="CreateOrgTest" time="14.715"/>
  <testcase classname="com.vtiger.crm.orgtest.CreateOrganizationTest" name="CreateOrganizationWithIndustryType" time="0.0">
    <skipped/>
  </testcase> <!-- CreateOrganizationWithIndustryType -->
  <testcase classname="com.vtiger.crm.orgtest.CreateOrganizationTest" name="CreateOrganizationwithPhoneNo" time="0.0">
    <skipped/>
  </testcase> <!-- CreateOrganizationwithPhoneNo -->
</testsuite> <!-- Test2 -->
