<?xml version="1.0" encoding="UTF-8"?>
<!-- Generated by org.testng.reporters.JUnitXMLReporter -->
<testsuite ignored="1" hostname="Devi" failures="0" tests="1" name="Test1" time="29.264" errors="0" timestamp="2024-09-24T18:14:25 IST">
  <testcase classname="com.vtiger.crm.contacttest.CreateContactTest" name="createContactTest" time="15.513"/>
  <testcase classname="com.vtiger.crm.contacttest.CreateContactTest" name="CreateContactWithSupportDate" time="0.0">
    <ignored/>
  </testcase> <!-- CreateContactWithSupportDate -->
</testsuite> <!-- Test1 -->
