<?xml version="1.0" encoding="UTF-8"?>
<testng-results ignored="0" total="1" passed="1" failed="0" skipped="0">
  <reporter-output>
  </reporter-output>
  <suite started-at="2024-09-28T21:26:03 IST" name="Default suite" finished-at="2024-09-28T21:26:19 IST" duration-ms="16558">
    <groups>
    </groups>
    <test started-at="2024-09-28T21:26:03 IST" name="Default test" finished-at="2024-09-28T21:26:19 IST" duration-ms="16558">
      <class name="com.vtiger.crm.createproject.CreateProject">
        <test-method is-config="true" signature="configBs()[pri:0, instance:com.vtiger.crm.createproject.CreateProject@639c2c1d]" started-at="2024-09-28T21:26:03 IST" name="configBs" finished-at="2024-09-28T21:26:03 IST" duration-ms="43" status="PASS">
          <reporter-output>
          </reporter-output>
        </test-method> <!-- configBs -->
        <test-method is-config="true" signature="conficBC()[pri:0, instance:com.vtiger.crm.createproject.CreateProject@639c2c1d]" started-at="2024-09-28T21:26:03 IST" name="conficBC" finished-at="2024-09-28T21:26:07 IST" duration-ms="3799" status="PASS">
          <reporter-output>
          </reporter-output>
        </test-method> <!-- conficBC -->
        <test-method is-config="true" signature="conficBM()[pri:0, instance:com.vtiger.crm.createproject.CreateProject@639c2c1d]" started-at="2024-09-28T21:26:07 IST" name="conficBM" finished-at="2024-09-28T21:26:11 IST" duration-ms="4490" status="PASS">
          <reporter-output>
          </reporter-output>
        </test-method> <!-- conficBM -->
        <test-method signature="createProject()[pri:0, instance:com.vtiger.crm.createproject.CreateProject@639c2c1d]" started-at="2024-09-28T21:26:11 IST" name="createProject" finished-at="2024-09-28T21:26:18 IST" duration-ms="6572" status="PASS">
          <reporter-output>
          </reporter-output>
        </test-method> <!-- createProject -->
        <test-method is-config="true" signature="conficAM()[pri:0, instance:com.vtiger.crm.createproject.CreateProject@639c2c1d]" started-at="2024-09-28T21:26:18 IST" name="conficAM" finished-at="2024-09-28T21:26:18 IST" duration-ms="164" status="PASS">
          <reporter-output>
          </reporter-output>
        </test-method> <!-- conficAM -->
        <test-method is-config="true" signature="conficAC()[pri:0, instance:com.vtiger.crm.createproject.CreateProject@639c2c1d]" started-at="2024-09-28T21:26:18 IST" name="conficAC" finished-at="2024-09-28T21:26:19 IST" duration-ms="1457" status="PASS">
          <reporter-output>
          </reporter-output>
        </test-method> <!-- conficAC -->
        <test-method is-config="true" signature="conficAS()[pri:0, instance:com.vtiger.crm.createproject.CreateProject@639c2c1d]" started-at="2024-09-28T21:26:19 IST" name="conficAS" finished-at="2024-09-28T21:26:19 IST" duration-ms="2" status="PASS">
          <reporter-output>
          </reporter-output>
        </test-method> <!-- conficAS -->
      </class> <!-- com.vtiger.crm.createproject.CreateProject -->
    </test> <!-- Default test -->
  </suite> <!-- Default suite -->
</testng-results>
