<?xml version="1.0" encoding="UTF-8"?>
<testng-results ignored="0" total="1" passed="1" failed="0" skipped="0">
  <reporter-output>
  </reporter-output>
  <suite started-at="2024-10-07T16:34:28 IST" name="Suite" finished-at="2024-10-07T16:34:58 IST" duration-ms="29898">
    <groups>
      <group name="SmokeTest">
        <method signature="CreateOrganizationTest.CreateOrgTest()[pri:0, instance:com.vtiger.crm.orgtest.CreateOrganizationTest@6a6cb05c]" name="CreateOrgTest" class="com.vtiger.crm.orgtest.CreateOrganizationTest"/>
      </group> <!-- SmokeTest -->
    </groups>
    <test started-at="2024-10-07T16:34:28 IST" name="Test" finished-at="2024-10-07T16:34:58 IST" duration-ms="29898">
      <class name="com.vtiger.crm.orgtest.CreateOrganizationTest">
        <test-method is-config="true" signature="configBs()[pri:0, instance:com.vtiger.crm.orgtest.CreateOrganizationTest@6a6cb05c]" started-at="2024-10-07T16:34:28 IST" name="configBs" finished-at="2024-10-07T16:34:28 IST" duration-ms="29" status="PASS">
          <reporter-output>
          </reporter-output>
        </test-method> <!-- configBs -->
        <test-method is-config="true" signature="conficBC()[pri:0, instance:com.vtiger.crm.orgtest.CreateOrganizationTest@6a6cb05c]" started-at="2024-10-07T16:34:28 IST" name="conficBC" finished-at="2024-10-07T16:34:32 IST" duration-ms="4627" status="PASS">
          <reporter-output>
          </reporter-output>
        </test-method> <!-- conficBC -->
        <test-method is-config="true" signature="conficBM()[pri:0, instance:com.vtiger.crm.orgtest.CreateOrganizationTest@6a6cb05c]" started-at="2024-10-07T16:34:32 IST" name="conficBM" finished-at="2024-10-07T16:34:39 IST" duration-ms="6819" status="PASS">
          <reporter-output>
          </reporter-output>
        </test-method> <!-- conficBM -->
        <test-method signature="CreateOrgTest()[pri:0, instance:com.vtiger.crm.orgtest.CreateOrganizationTest@6a6cb05c]" started-at="2024-10-07T16:34:39 IST" name="CreateOrgTest" finished-at="2024-10-07T16:34:54 IST" duration-ms="14549" status="PASS">
          <reporter-output>
          </reporter-output>
        </test-method> <!-- CreateOrgTest -->
        <test-method is-config="true" signature="conficAM()[pri:0, instance:com.vtiger.crm.orgtest.CreateOrganizationTest@6a6cb05c]" started-at="2024-10-07T16:34:54 IST" name="conficAM" finished-at="2024-10-07T16:34:56 IST" duration-ms="2452" status="PASS">
          <reporter-output>
          </reporter-output>
        </test-method> <!-- conficAM -->
        <test-method is-config="true" signature="conficAC()[pri:0, instance:com.vtiger.crm.orgtest.CreateOrganizationTest@6a6cb05c]" started-at="2024-10-07T16:34:56 IST" name="conficAC" finished-at="2024-10-07T16:34:58 IST" duration-ms="1427" status="PASS">
          <reporter-output>
          </reporter-output>
        </test-method> <!-- conficAC -->
        <test-method is-config="true" signature="conficAS()[pri:0, instance:com.vtiger.crm.orgtest.CreateOrganizationTest@6a6cb05c]" started-at="2024-10-07T16:34:58 IST" name="conficAS" finished-at="2024-10-07T16:34:58 IST" duration-ms="0" status="PASS">
          <reporter-output>
          </reporter-output>
        </test-method> <!-- conficAS -->
      </class> <!-- com.vtiger.crm.orgtest.CreateOrganizationTest -->
    </test> <!-- Test -->
  </suite> <!-- Suite -->
</testng-results>
