<?xml version="1.0" encoding="UTF-8"?>
<!-- Generated by org.testng.reporters.JUnitXMLReporter -->
<testsuite ignored="0" hostname="Devi" failures="0" tests="3" name="Default test" time="54.86" errors="0" timestamp="2024-10-08T11:23:24 IST">
  <testcase classname="com.vtiger.crm.orgtest.CreateOrganizationTest" name="CreateOrgTest" time="11.427"/>
  <testcase classname="com.vtiger.crm.orgtest.CreateOrganizationTest" name="CreateOrganizationWithIndustryType" time="10.666"/>
  <testcase classname="com.vtiger.crm.orgtest.CreateOrganizationTest" name="CreateOrganizationwithPhoneNo" time="11.064"/>
</testsuite> <!-- Default test -->
